D:\THESIS\SOURCE\MAIN\TRUNK\HANDGESTURERECOGNITION\DEBUG\GESTURERECOGNITION.OBJ
D:\THESIS\SOURCE\MAIN\TRUNK\HANDGESTURERECOGNITION\DEBUG\HANDVIEWER.OBJ
D:\THESIS\SOURCE\MAIN\TRUNK\HANDGESTURERECOGNITION\DEBUG\MAIN.OBJ
D:\THESIS\SOURCE\MAIN\TRUNK\HANDGESTURERECOGNITION\DEBUG\PALM.OBJ
D:\THESIS\SOURCE\MAIN\TRUNK\HANDGESTURERECOGNITION\DEBUG\PALMFINDER.OBJ
D:\THESIS\SOURCE\MAIN\TRUNK\HANDGESTURERECOGNITION\DEBUG\POINTFUNCTIONS.OBJ
D:\THESIS\SOURCE\MAIN\TRUNK\HANDGESTURERECOGNITION\DEBUG\VC110.PDB
D:\THESIS\SOURCE\MAIN\TRUNK\HANDGESTURERECOGNITION\DEBUG\HANDVIEWER.ILK
D:\THESIS\SOURCE\MAIN\TRUNK\HANDGESTURERECOGNITION\DEBUG\HANDVIEWER.EXE
D:\THESIS\SOURCE\MAIN\TRUNK\HANDGESTURERECOGNITION\DEBUG\HANDVIEWER.PDB
D:\Thesis\source\main\trunk\HandGestureRecognition\Debug\GestureRecognition.obj
D:\Thesis\source\main\trunk\HandGestureRecognition\Debug\HandViewer.obj
D:\Thesis\source\main\trunk\HandGestureRecognition\Debug\main.obj
D:\Thesis\source\main\trunk\HandGestureRecognition\Debug\Palm.obj
D:\Thesis\source\main\trunk\HandGestureRecognition\Debug\PalmFinder.obj
D:\Thesis\source\main\trunk\HandGestureRecognition\Debug\PointFunctions.obj
D:\Thesis\source\main\trunk\HandGestureRecognition\Debug\HandViewer.ilk
D:\Thesis\source\main\trunk\HandGestureRecognition\Debug\cl.command.1.tlog
D:\Thesis\source\main\trunk\HandGestureRecognition\Debug\CL.read.1.tlog
D:\Thesis\source\main\trunk\HandGestureRecognition\Debug\CL.write.1.tlog
D:\Thesis\source\main\trunk\HandGestureRecognition\Debug\link-cvtres.read.1.tlog
D:\Thesis\source\main\trunk\HandGestureRecognition\Debug\link-cvtres.write.1.tlog
D:\Thesis\source\main\trunk\HandGestureRecognition\Debug\link-rc.read.1.tlog
D:\Thesis\source\main\trunk\HandGestureRecognition\Debug\link-rc.write.1.tlog
D:\Thesis\source\main\trunk\HandGestureRecognition\Debug\link.command.1.tlog
D:\Thesis\source\main\trunk\HandGestureRecognition\Debug\link.read.1.tlog
D:\Thesis\source\main\trunk\HandGestureRecognition\Debug\link.write.1.tlog
D:\Thesis\source\main\trunk\HandGestureRecognition\Debug\vc110.idb
D:\Thesis\source\main\trunk\HandGestureRecognition\Debug\HandViewer.pdb
D:\Thesis\source\main\trunk\HandGestureRecognition\Debug\NiTE2.jni.pdb
D:\Thesis\source\main\trunk\HandGestureRecognition\Debug\NiTE2.pdb
D:\Thesis\source\main\trunk\HandGestureRecognition\Debug\OpenNI2.jni.pdb
D:\Thesis\source\main\trunk\HandGestureRecognition\Debug\OpenNI2.pdb
D:\Thesis\source\main\trunk\HandGestureRecognition\Debug\vc110.pdb
D:\Thesis\source\main\trunk\HandGestureRecognition\Debug\HandViewer.exe
