Build started 14/05/2014 8:37:09 SA.
     1>Project "D:\Thesis\source\main\trunk\HandGestureRecognition\HandViewer.vcxproj" on node 2 (Build target(s)).
     1>ClCompile:
         C:\Program Files (x86)\Microsoft Visual Studio 11.0\VC\bin\CL.exe /c /I"C:\Program Files (x86)\OpenNI2\Include\\" /I. /I"C:\Program Files (x86)\PrimeSense\NiTE2\Include\\" /I. /IC:\opencv\..\..\include /I. /ZI /nologo /W3 /WX- /MP /Od /Oy- /D WIN32 /D _DEBUG /D _CONSOLE /D _UNICODE /D UNICODE /Gm /EHsc /RTC1 /MDd /GS /fp:precise /Zc:wchar_t /Zc:forScope /Fo"Debug\\" /Fd"Debug\vc110.pdb" /Gd /TP /analyze- /errorReport:prompt main.cpp Viewer.cpp
     1>cl : Command line warning D9030: '/Gm' is incompatible with multiprocessing; ignoring /MP switch
         Viewer.cpp
     1>d:\thesis\source\main\trunk\handgesturerecognition\viewer.cpp(39): warning C4996: 'strncpy': This function or variable may be unsafe. Consider using strncpy_s instead. To disable deprecation, use _CRT_SECURE_NO_WARNINGS. See online help for details.
                 c:\program files (x86)\microsoft visual studio 11.0\vc\include\string.h(191) : see declaration of 'strncpy'
     1>d:\thesis\source\main\trunk\handgesturerecognition\viewer.cpp(249): warning C4305: 'argument' : truncation from 'double' to 'float'
         main.cpp
         Generating Code...
       Link:
         C:\Program Files (x86)\Microsoft Visual Studio 11.0\VC\bin\link.exe /ERRORREPORT:PROMPT /OUT:"D:\Thesis\source\main\trunk\HandGestureRecognition\Debug\HandViewer.exe" /INCREMENTAL /NOLOGO /LIBPATH:D:\Thesis\source\main\trunk\HandGestureRecognition\Debug\ /LIBPATH:"C:\Program Files (x86)\PrimeSense\NiTE2\Lib\\" /LIBPATH:"C:\Program Files (x86)\OpenNI2\Lib\\" /LIBPATH:..\..\..\Libs opencv_core247.lib opencv_imgproc247.lib opencv_highgui247.lib NiTE2.lib OpenNI2.lib kernel32.lib user32.lib gdi32.lib winspool.lib comdlg32.lib advapi32.lib shell32.lib ole32.lib oleaut32.lib uuid.lib odbc32.lib odbccp32.lib /MANIFEST /MANIFESTUAC:"level='asInvoker' uiAccess='false'" /manifest:embed /DEBUG /PDB:"D:\Thesis\source\main\trunk\HandGestureRecognition\Debug\HandViewer.pdb" /SUBSYSTEM:CONSOLE /TLBID:1 /DYNAMICBASE /NXCOMPAT /IMPLIB:"D:\Thesis\source\main\trunk\HandGestureRecognition\Debug\HandViewer.lib" /MACHINE:X86 Debug\main.obj
         Debug\Viewer.obj
         HandViewer.vcxproj -> D:\Thesis\source\main\trunk\HandGestureRecognition\Debug\HandViewer.exe
       PostBuildEvent:
         xcopy /D /S /F /Y "C:\Program Files (x86)\OpenNI2\Redist\\*" "D:\Thesis\source\main\trunk\HandGestureRecognition\Debug\"
         xcopy /D /S /F /Y "C:\Program Files (x86)\PrimeSense\NiTE2\Redist\\*" "D:\Thesis\source\main\trunk\HandGestureRecognition\Debug\"
         
         :VCEnd
         0 File(s) copied
         0 File(s) copied
     1>Done Building Project "D:\Thesis\source\main\trunk\HandGestureRecognition\HandViewer.vcxproj" (Build target(s)).

Build succeeded.

Time Elapsed 00:00:03.71
